Traceback (most recent call last):
  File "/Users/fsultan/opt/anaconda3/lib/python3.9/site-packages/jupyter_cache/executors/utils.py", line 58, in single_nb_execution
    executenb(
  File "/Users/fsultan/opt/anaconda3/lib/python3.9/site-packages/nbclient/client.py", line 1204, in execute
    return NotebookClient(nb=nb, resources=resources, km=km, **kwargs).execute()
  File "/Users/fsultan/opt/anaconda3/lib/python3.9/site-packages/nbclient/util.py", line 84, in wrapped
    return just_run(coro(*args, **kwargs))
  File "/Users/fsultan/opt/anaconda3/lib/python3.9/site-packages/nbclient/util.py", line 62, in just_run
    return loop.run_until_complete(coro)
  File "/Users/fsultan/opt/anaconda3/lib/python3.9/asyncio/base_events.py", line 647, in run_until_complete
    return future.result()
  File "/Users/fsultan/opt/anaconda3/lib/python3.9/site-packages/nbclient/client.py", line 663, in async_execute
    await self.async_execute_cell(
  File "/Users/fsultan/opt/anaconda3/lib/python3.9/site-packages/nbclient/client.py", line 965, in async_execute_cell
    await self._check_raise_for_error(cell, cell_index, exec_reply)
  File "/Users/fsultan/opt/anaconda3/lib/python3.9/site-packages/nbclient/client.py", line 862, in _check_raise_for_error
    raise CellExecutionError.from_cell_and_msg(cell, exec_reply_content)
nbclient.exceptions.CellExecutionError: An error occurred while executing the following cell:
------------------
from bokeh.io import output_file, show

output_file("plot.html")

show(p)   # save(p) will save without opening a new browser tab
------------------

[0;31m---------------------------------------------------------------------------[0m
[0;31mRuntimeError[0m                              Traceback (most recent call last)
Input [0;32mIn [12][0m, in [0;36m<cell line: 5>[0;34m()[0m
[1;32m      1[0m [38;5;28;01mfrom[39;00m [38;5;21;01mbokeh[39;00m[38;5;21;01m.[39;00m[38;5;21;01mio[39;00m [38;5;28;01mimport[39;00m output_file, show
[1;32m      3[0m output_file([38;5;124m"[39m[38;5;124mplot.html[39m[38;5;124m"[39m)
[0;32m----> 5[0m [43mshow[49m[43m([49m[43mp[49m[43m)[49m

File [0;32m~/opt/anaconda3/lib/python3.9/site-packages/bokeh/io/showing.py:143[0m, in [0;36mshow[0;34m(obj, browser, new, notebook_handle, notebook_url, **kwargs)[0m
[1;32m    140[0m state [38;5;241m=[39m curstate()
[1;32m    142[0m [38;5;28;01mif[39;00m [38;5;28misinstance[39m(obj, UIElement):
[0;32m--> 143[0m     [38;5;28;01mreturn[39;00m [43m_show_with_state[49m[43m([49m[43mobj[49m[43m,[49m[43m [49m[43mstate[49m[43m,[49m[43m [49m[43mbrowser[49m[43m,[49m[43m [49m[43mnew[49m[43m,[49m[43m [49m[43mnotebook_handle[49m[38;5;241;43m=[39;49m[43mnotebook_handle[49m[43m)[49m
[1;32m    145[0m [38;5;28;01mdef[39;00m [38;5;21mis_application[39m(obj: Any) [38;5;241m-[39m[38;5;241m>[39m TypeGuard[Application]:
[1;32m    146[0m     [38;5;28;01mreturn[39;00m [38;5;28mgetattr[39m(obj, [38;5;124m'[39m[38;5;124m_is_a_bokeh_application_class[39m[38;5;124m'[39m, [38;5;28;01mFalse[39;00m)

File [0;32m~/opt/anaconda3/lib/python3.9/site-packages/bokeh/io/showing.py:190[0m, in [0;36m_show_with_state[0;34m(obj, state, browser, new, notebook_handle)[0m
[1;32m    188[0m [38;5;28;01mif[39;00m state[38;5;241m.[39mnotebook:
[1;32m    189[0m     [38;5;28;01massert[39;00m state[38;5;241m.[39mnotebook_type [38;5;129;01mis[39;00m [38;5;129;01mnot[39;00m [38;5;28;01mNone[39;00m
[0;32m--> 190[0m     comms_handle [38;5;241m=[39m [43mrun_notebook_hook[49m[43m([49m[43mstate[49m[38;5;241;43m.[39;49m[43mnotebook_type[49m[43m,[49m[43m [49m[38;5;124;43m'[39;49m[38;5;124;43mdoc[39;49m[38;5;124;43m'[39;49m[43m,[49m[43m [49m[43mobj[49m[43m,[49m[43m [49m[43mstate[49m[43m,[49m[43m [49m[43mnotebook_handle[49m[43m)[49m
[1;32m    191[0m     shown [38;5;241m=[39m [38;5;28;01mTrue[39;00m
[1;32m    193[0m [38;5;28;01mif[39;00m state[38;5;241m.[39mfile [38;5;129;01mor[39;00m [38;5;129;01mnot[39;00m shown:

File [0;32m~/opt/anaconda3/lib/python3.9/site-packages/bokeh/io/notebook.py:366[0m, in [0;36mrun_notebook_hook[0;34m(notebook_type, action, *args, **kwargs)[0m
[1;32m    364[0m [38;5;28;01mif[39;00m _HOOKS[notebook_type][action] [38;5;129;01mis[39;00m [38;5;28;01mNone[39;00m:
[1;32m    365[0m     [38;5;28;01mraise[39;00m [38;5;167;01mRuntimeError[39;00m([38;5;124mf[39m[38;5;124m"[39m[38;5;124mnotebook hook for [39m[38;5;132;01m{[39;00mnotebook_type[38;5;132;01m!r}[39;00m[38;5;124m did not install [39m[38;5;132;01m{[39;00maction[38;5;132;01m!r}[39;00m[38;5;124m action[39m[38;5;124m"[39m)
[0;32m--> 366[0m [38;5;28;01mreturn[39;00m [43m_HOOKS[49m[43m[[49m[43mnotebook_type[49m[43m][49m[43m[[49m[43maction[49m[43m][49m[43m([49m[38;5;241;43m*[39;49m[43margs[49m[43m,[49m[43m [49m[38;5;241;43m*[39;49m[38;5;241;43m*[39;49m[43mkwargs[49m[43m)[49m

File [0;32m~/opt/anaconda3/lib/python3.9/site-packages/bokeh/io/notebook.py:582[0m, in [0;36mshow_doc[0;34m(obj, state, notebook_handle)[0m
[1;32m    578[0m [38;5;124;03m'''[39;00m
[1;32m    579[0m 
[1;32m    580[0m [38;5;124;03m'''[39;00m
[1;32m    581[0m [38;5;28;01mif[39;00m obj [38;5;129;01mnot[39;00m [38;5;129;01min[39;00m state[38;5;241m.[39mdocument[38;5;241m.[39mroots:
[0;32m--> 582[0m     [43mstate[49m[38;5;241;43m.[39;49m[43mdocument[49m[38;5;241;43m.[39;49m[43madd_root[49m[43m([49m[43mobj[49m[43m)[49m
[1;32m    584[0m [38;5;28;01mfrom[39;00m [38;5;21;01m.[39;00m[38;5;21;01m.[39;00m[38;5;21;01membed[39;00m[38;5;21;01m.[39;00m[38;5;21;01mnotebook[39;00m [38;5;28;01mimport[39;00m notebook_content
[1;32m    585[0m comms_target [38;5;241m=[39m make_id() [38;5;28;01mif[39;00m notebook_handle [38;5;28;01melse[39;00m [38;5;28;01mNone[39;00m

File [0;32m~/opt/anaconda3/lib/python3.9/site-packages/bokeh/document/document.py:322[0m, in [0;36mDocument.add_root[0;34m(self, model, setter)[0m
[1;32m    319[0m     [38;5;28;01mreturn[39;00m
[1;32m    321[0m [38;5;28;01mwith[39;00m [38;5;28mself[39m[38;5;241m.[39mmodels[38;5;241m.[39mfreeze():
[0;32m--> 322[0m     [38;5;28mself[39m[38;5;241m.[39m_roots[38;5;241m.[39mappend(model)
[1;32m    324[0m [38;5;28mself[39m[38;5;241m.[39mcallbacks[38;5;241m.[39mtrigger_on_change(RootAddedEvent([38;5;28mself[39m, model, setter))

File [0;32m~/opt/anaconda3/lib/python3.9/contextlib.py:126[0m, in [0;36m_GeneratorContextManager.__exit__[0;34m(self, typ, value, traceback)[0m
[1;32m    124[0m [38;5;28;01mif[39;00m typ [38;5;129;01mis[39;00m [38;5;28;01mNone[39;00m:
[1;32m    125[0m     [38;5;28;01mtry[39;00m:
[0;32m--> 126[0m         [38;5;28;43mnext[39;49m[43m([49m[38;5;28;43mself[39;49m[38;5;241;43m.[39;49m[43mgen[49m[43m)[49m
[1;32m    127[0m     [38;5;28;01mexcept[39;00m [38;5;167;01mStopIteration[39;00m:
[1;32m    128[0m         [38;5;28;01mreturn[39;00m [38;5;28;01mFalse[39;00m

File [0;32m~/opt/anaconda3/lib/python3.9/site-packages/bokeh/document/models.py:135[0m, in [0;36mDocumentModelManager.freeze[0;34m(self)[0m
[1;32m    133[0m [38;5;28mself[39m[38;5;241m.[39m_push_freeze()
[1;32m    134[0m [38;5;28;01myield[39;00m
[0;32m--> 135[0m [38;5;28;43mself[39;49m[38;5;241;43m.[39;49m[43m_pop_freeze[49m[43m([49m[43m)[49m

File [0;32m~/opt/anaconda3/lib/python3.9/site-packages/bokeh/document/models.py:288[0m, in [0;36mDocumentModelManager._pop_freeze[0;34m(self)[0m
[1;32m    286[0m [38;5;28mself[39m[38;5;241m.[39m_freeze_count [38;5;241m-[39m[38;5;241m=[39m [38;5;241m1[39m
[1;32m    287[0m [38;5;28;01mif[39;00m [38;5;28mself[39m[38;5;241m.[39m_freeze_count [38;5;241m==[39m [38;5;241m0[39m:
[0;32m--> 288[0m     [38;5;28;43mself[39;49m[38;5;241;43m.[39;49m[43mrecompute[49m[43m([49m[43m)[49m

File [0;32m~/opt/anaconda3/lib/python3.9/site-packages/bokeh/document/models.py:235[0m, in [0;36mDocumentModelManager.recompute[0;34m(self)[0m
[1;32m    232[0m     md[38;5;241m.[39m_detach_document()
[1;32m    234[0m [38;5;28;01mfor[39;00m ma [38;5;129;01min[39;00m to_attach:
[0;32m--> 235[0m     [43mma[49m[38;5;241;43m.[39;49m[43m_attach_document[49m[43m([49m[43mdocument[49m[43m)[49m
[1;32m    236[0m     [38;5;28mself[39m[38;5;241m.[39m_new_models[38;5;241m.[39madd(ma)
[1;32m    238[0m [38;5;28mself[39m[38;5;241m.[39m_models [38;5;241m=[39m recomputed

File [0;32m~/opt/anaconda3/lib/python3.9/site-packages/bokeh/model/model.py:575[0m, in [0;36mModel._attach_document[0;34m(self, doc)[0m
[1;32m    572[0m     [38;5;28;01mreturn[39;00m
[1;32m    574[0m [38;5;28;01mif[39;00m [38;5;28mself[39m[38;5;241m.[39mdocument [38;5;129;01mis[39;00m [38;5;129;01mnot[39;00m [38;5;28;01mNone[39;00m:
[0;32m--> 575[0m     [38;5;28;01mraise[39;00m [38;5;167;01mRuntimeError[39;00m([38;5;124mf[39m[38;5;124m"[39m[38;5;124mModels must be owned by only a single document, [39m[38;5;132;01m{[39;00m[38;5;28mself[39m[38;5;132;01m!r}[39;00m[38;5;124m is already in a doc[39m[38;5;124m"[39m)
[1;32m    577[0m doc[38;5;241m.[39mtheme[38;5;241m.[39mapply_to_model([38;5;28mself[39m)
[1;32m    578[0m [38;5;28mself[39m[38;5;241m.[39mdocument [38;5;241m=[39m doc

[0;31mRuntimeError[0m: Models must be owned by only a single document, Circle(id='p1231', ...) is already in a doc
RuntimeError: Models must be owned by only a single document, Circle(id='p1231', ...) is already in a doc

